{"numTotalTestSuites":9,"numPassedTestSuites":7,"numFailedTestSuites":2,"numPendingTestSuites":0,"numTotalTests":24,"numPassedTests":22,"numFailedTests":2,"numPendingTests":0,"numTodoTests":0,"snapshot":{"added":0,"failure":false,"filesAdded":0,"filesRemoved":0,"filesRemovedList":[],"filesUnmatched":0,"filesUpdated":0,"matched":0,"total":0,"unchecked":0,"uncheckedKeysByFile":[],"unmatched":0,"updated":0,"didUpdate":false},"startTime":1761667310609,"success":false,"testResults":[{"assertionResults":[{"ancestorTitles":["DataManagement Array Mapping Tests","KeyPath Helper Functions"],"fullName":"DataManagement Array Mapping Tests KeyPath Helper Functions getAvailableKeysForPath returns correct root level keys","status":"passed","title":"getAvailableKeysForPath returns correct root level keys","duration":2.5190070000007836,"failureMessages":[],"meta":{}},{"ancestorTitles":["DataManagement Array Mapping Tests","KeyPath Helper Functions"],"fullName":"DataManagement Array Mapping Tests KeyPath Helper Functions getAvailableKeysForPath shows array indices and \"add array\" option for arrays","status":"passed","title":"getAvailableKeysForPath shows array indices and \"add array\" option for arrays","duration":0.3959000000013475,"failureMessages":[],"meta":{}},{"ancestorTitles":["DataManagement Array Mapping Tests","KeyPath Helper Functions"],"fullName":"DataManagement Array Mapping Tests KeyPath Helper Functions getAvailableKeysForPath shows object keys for array of objects","status":"passed","title":"getAvailableKeysForPath shows object keys for array of objects","duration":0.2194049999998242,"failureMessages":[],"meta":{}},{"ancestorTitles":["DataManagement Array Mapping Tests","KeyPath Helper Functions"],"fullName":"DataManagement Array Mapping Tests KeyPath Helper Functions getAvailableKeysForPath handles array mapping mode correctly","status":"passed","title":"getAvailableKeysForPath handles array mapping mode correctly","duration":0.321630999998888,"failureMessages":[],"meta":{}},{"ancestorTitles":["DataManagement Array Mapping Tests","KeyPath Helper Functions"],"fullName":"DataManagement Array Mapping Tests KeyPath Helper Functions getAvailableKeysForPath shows nested array structure","status":"passed","title":"getAvailableKeysForPath shows nested array structure","duration":0.19512000000031549,"failureMessages":[],"meta":{}},{"ancestorTitles":["DataManagement Array Mapping Tests","KeyPath Helper Functions"],"fullName":"DataManagement Array Mapping Tests KeyPath Helper Functions getValueFromPath extracts correct values","status":"passed","title":"getValueFromPath extracts correct values","duration":0.427719999999681,"failureMessages":[],"meta":{}},{"ancestorTitles":["DataManagement Array Mapping Tests","Array Mapping Scenarios"],"fullName":"DataManagement Array Mapping Tests Array Mapping Scenarios handles Simple array of strings","status":"passed","title":"handles Simple array of strings","duration":0.2912510000005568,"failureMessages":[],"meta":{}},{"ancestorTitles":["DataManagement Array Mapping Tests","Array Mapping Scenarios"],"fullName":"DataManagement Array Mapping Tests Array Mapping Scenarios handles Array of objects","status":"passed","title":"handles Array of objects","duration":0.24762699999882898,"failureMessages":[],"meta":{}},{"ancestorTitles":["DataManagement Array Mapping Tests","Array Mapping Scenarios"],"fullName":"DataManagement Array Mapping Tests Array Mapping Scenarios handles Nested arrays","status":"passed","title":"handles Nested arrays","duration":0.3575810000002093,"failureMessages":[],"meta":{}},{"ancestorTitles":["DataManagement Array Mapping Tests","Array Mapping Scenarios"],"fullName":"DataManagement Array Mapping Tests Array Mapping Scenarios handles Deep nesting with arrays","status":"passed","title":"handles Deep nesting with arrays","duration":0.2245839999995951,"failureMessages":[],"meta":{}},{"ancestorTitles":["DataManagement Array Mapping Tests","UI Component Integration Tests"],"fullName":"DataManagement Array Mapping Tests UI Component Integration Tests renders DataManagement component without crashing","status":"passed","title":"renders DataManagement component without crashing","duration":298.955645,"failureMessages":[],"meta":{}},{"ancestorTitles":["DataManagement Array Mapping Tests","UI Component Integration Tests"],"fullName":"DataManagement Array Mapping Tests UI Component Integration Tests displays file selection button","status":"passed","title":"displays file selection button","duration":192.30803300000116,"failureMessages":[],"meta":{}},{"ancestorTitles":["Array Mapping Edge Cases"],"fullName":"Array Mapping Edge Cases handles empty arrays gracefully","status":"passed","title":"handles empty arrays gracefully","duration":0.2618159999983618,"failureMessages":[],"meta":{}},{"ancestorTitles":["Array Mapping Edge Cases"],"fullName":"Array Mapping Edge Cases handles null values in arrays","status":"passed","title":"handles null values in arrays","duration":0.2077289999997447,"failureMessages":[],"meta":{}},{"ancestorTitles":["Array Mapping Edge Cases"],"fullName":"Array Mapping Edge Cases handles deeply nested object structures","status":"passed","title":"handles deeply nested object structures","duration":0.3608540000004723,"failureMessages":[],"meta":{}},{"ancestorTitles":["Array Mapping Edge Cases"],"fullName":"Array Mapping Edge Cases handles mixed data types in arrays","status":"passed","title":"handles mixed data types in arrays","duration":0.22118799999952898,"failureMessages":[],"meta":{}},{"ancestorTitles":["Complete Array Mapping Workflow Tests"],"fullName":"Complete Array Mapping Workflow Tests handles Medical image dataset with array URLs","status":"passed","title":"handles Medical image dataset with array URLs","duration":1.589586000000054,"failureMessages":[],"meta":{}},{"ancestorTitles":["Complete Array Mapping Workflow Tests"],"fullName":"Complete Array Mapping Workflow Tests handles Text classification with tag arrays","status":"passed","title":"handles Text classification with tag arrays","duration":0.6108890000014071,"failureMessages":[],"meta":{}},{"ancestorTitles":["Complete Array Mapping Workflow Tests"],"fullName":"Complete Array Mapping Workflow Tests handles Complex nested structure","status":"passed","title":"handles Complex nested structure","duration":0.4364880000011908,"failureMessages":[],"meta":{}}],"startTime":1761667321395,"endTime":1761667321895.6108,"status":"passed","message":"","name":"/Users/vincentfitzgerald/Documents/MedBench/frontend/src/__tests__/components/Admin/DataManagement.test.tsx"},{"assertionResults":[{"ancestorTitles":["DataManagement Component"],"fullName":"DataManagement Component should render the data management component","status":"passed","title":"should render the data management component","duration":272.045834999999,"failureMessages":[],"meta":{}},{"ancestorTitles":["DataManagement Component"],"fullName":"DataManagement Component should load datasets on mount","status":"passed","title":"should load datasets on mount","duration":121.61652600000161,"failureMessages":[],"meta":{}},{"ancestorTitles":["DataManagement Component"],"fullName":"DataManagement Component should handle dataset creation","status":"failed","title":"should handle dataset creation","duration":347.45868399999927,"failureMessages":["TestingLibraryElementError: Found multiple elements with the text of: Description\n\nHere are the matching elements:\n\nIgnored nodes: comments, script, style\n\u001b[36m<span\u001b[39m\n  \u001b[33maria-labelledby\u001b[39m=\u001b[32m\"header110-description-name\"\u001b[39m\n  \u001b[33mclass\u001b[39m=\u001b[32m\"ms-DetailsHeader-cellTitle cellTitle-163\"\u001b[39m\n  \u001b[33mdata-is-focusable\u001b[39m=\u001b[32m\"true\"\u001b[39m\n  \u001b[33mid\u001b[39m=\u001b[32m\"header110-description\"\u001b[39m\n  \u001b[33mrole\u001b[39m=\u001b[32m\"button\"\u001b[39m\n  \u001b[33mtabindex\u001b[39m=\u001b[32m\"-1\"\u001b[39m\n\u001b[36m>\u001b[39m\n  \u001b[36m<span\u001b[39m\n    \u001b[33mclass\u001b[39m=\u001b[32m\"ms-DetailsHeader-cellName cellName-164\"\u001b[39m\n    \u001b[33mid\u001b[39m=\u001b[32m\"header110-description-name\"\u001b[39m\n  \u001b[36m>\u001b[39m\n    \u001b[0mDescription\u001b[0m\n  \u001b[36m</span>\u001b[39m\n\u001b[36m</span>\u001b[39m\n\nIgnored nodes: comments, script, style\n\u001b[36m<textarea\u001b[39m\n  \u001b[33maria-invalid\u001b[39m=\u001b[32m\"false\"\u001b[39m\n  \u001b[33maria-labelledby\u001b[39m=\u001b[32m\"TextFieldLabel140\"\u001b[39m\n  \u001b[33mclass\u001b[39m=\u001b[32m\"ms-TextField-field field-228\"\u001b[39m\n  \u001b[33mid\u001b[39m=\u001b[32m\"TextField138\"\u001b[39m\n\u001b[36m/>\u001b[39m\n\n(If this is intentional, then use the `*AllBy*` variant of the query (like `queryAllByText`, `getAllByText`, or `findAllByText`)).\n\nIgnored nodes: comments, script, style\n\u001b[36m<body\u001b[39m\n  \u001b[33mclass\u001b[39m=\u001b[32m\"css-0\"\u001b[39m\n\u001b[36m>\u001b[39m\n  \u001b[36m<div\u001b[39m\n    \u001b[33maria-hidden\u001b[39m=\u001b[32m\"true\"\u001b[39m\n  \u001b[36m>\u001b[39m\n    \u001b[36m<div\u001b[39m\n      \u001b[33mclass\u001b[39m=\u001b[32m\"ms-Stack css-109\"\u001b[39m\n    \u001b[36m>\u001b[39m\n      \u001b[36m<div\u001b[39m\n        \u001b[33mclass\u001b[39m=\u001b[32m\"ms-Stack css-110\"\u001b[39m\n      \u001b[36m>\u001b[39m\n        \u001b[36m<span\u001b[39m\n          \u001b[33mclass\u001b[39m=\u001b[32m\"css-111\"\u001b[39m\n        \u001b[36m>\u001b[39m\n          \u001b[0mDataSet Management\u001b[0m\n        \u001b[36m</span>\u001b[39m\n      \u001b[36m</div>\u001b[39m\n      \u001b[36m<div\u001b[39m\n        \u001b[33mstyle\u001b[39m=\u001b[32m\"position: relative;\"\u001b[39m\n      \u001b[36m>\u001b[39m\n        \u001b[36m<div>\u001b[39m\n          \u001b[36m<div\u001b[39m\n            \u001b[33mstyle\u001b[39m=\u001b[32m\"position: relative;\"\u001b[39m\n          \u001b[36m>\u001b[39m\n            \u001b[36m<div\u001b[39m\n              \u001b[33mdata-automation-id\u001b[39m=\u001b[32m\"visibleContent\"\u001b[39m\n              \u001b[33mstyle\u001b[39m=\u001b[32m\"position: fixed; visibility: hidden;\"\u001b[39m\n            \u001b[36m>\u001b[39m\n              \u001b[36m<div\u001b[39m\n                \u001b[33mclass\u001b[39m=\u001b[32m\"ms-FocusZone css-115 ms-CommandBar root-112\"\u001b[39m\n                \u001b[33mdata-focuszone-id\u001b[39m=\u001b[32m\"FocusZone83\"\u001b[39m\n                \u001b[33mdata-tabster\u001b[39m=\u001b[32m\"{\\\"uncontrolled\\\": {}}\"\u001b[39m\n                \u001b[33mrole\u001b[39m=\u001b[32m\"menubar\"\u001b[39m\n              \u001b[36m>\u001b[39m\n                \u001b[36m<div\u001b[39m\n                  \u001b[33mclass\u001b[39m=\u001b[32m\"ms-OverflowSet ms-CommandBar-primaryCommand primarySet-116\"\u001b[39m\n                  \u001b[33mrole\u001b[39m=\u001b[32m\"none\"\u001b[39m\n                \u001b[36m>\u001b[39m\n                  \u001b[36m<div\u001b[39m\n                    \u001b[33mclass\u001b[39m=\u001b[32m\"ms-OverflowSet-item item-117\"\u001b[39m\n                    \u001b[33mrole\u001b[39m=\u001b[32m\"none\"\u001b[39m\n                  \u001b[36m>\u001b[39m\n                    \u001b[36m<button\u001b[39m\n                      \u001b[33mclass\u001b[39m=\u001b[32m\"ms-Button ms-Button--commandBar ms-CommandBarItem-link root-119\"\u001b[39m\n                      \u001b[33mdata-is-focusable\u001b[39m=\u001b[32m\"true\"\u001b[39m\n                      \u001b[33mrole\u001b[39m=\u001b[32m\"menuitem\"\u001b[39m\n                      \u001b[33mtabindex\u001b[39m=\u001b[32m\"0\"\u001b[39m\n                      \u001b[33mtype\u001b[39m=\u001b[32m\"button\"\u001b[39m\n                    \u001b[36m>\u001b[39m\n                      \u001b[36m<span\u001b[39m\n                        \u001b[33mclass\u001b[39m=\u001b[32m\"ms-Button-flexContainer flexContainer-120\"\u001b[39m\n                        \u001b[33mdata-automationid\u001b[39m=\u001b[32m\"splitbuttonprimary\"\u001b[39m\n                      \u001b[36m>\u001b[39m\n                        \u001b[36m<i\u001b[39m\n                          \u001b[33maria-hidden\u001b[39m=\u001b[32m\"true\"\u001b[39m\n                          \u001b[33mclass\u001b[39m=\u001b[32m\"ms-Icon root-105 ms-Button-icon icon-122\"\u001b[39m\n                          \u001b[33mdata-icon-name\u001b[39m=\u001b[32m\"Add\"\u001b[39m\n                        \u001b[36m/>\u001b[39m\n                        \u001b[36m<span\u001b[39m\n                          \u001b[33mclass\u001b[39m=\u001b[32m\"ms-Button-textContainer textContainer-121\"\u001b[39m\n                        \u001b[36m>\u001b[39m\n                          \u001b[36m<span\u001b[39m\n                            \u001b[33mclass\u001b[39m=\u001b[32m\"ms-Button-label label-123\"\u001b[39m\n                            \u001b[33mid\u001b[39m=\u001b[32m\"id__84\"\u001b[39m\n                          \u001b[36m>\u001b[39m\n                            \u001b[0mAdd Dataset\u001b[0m\n                          \u001b[36m</span>\u001b[39m\n                        \u001b[36m</span>\u001b[39m\n                      \u001b[36m</span>\u001b[39m\n                    \u001b[36m</button>\u001b[39m\n                  \u001b[36m</div>\u001b[39m\n                  \u001b[36m<div\u001b[39m\n                    \u001b[33mclass\u001b[39m=\u001b[32m\"ms-OverflowSet-item item-117\"\u001b[39m\n                    \u001b[33mrole\u001b[39m=\u001b[32m\"none\"\u001b[39m\n                  \u001b[36m>\u001b[39m\n                    \u001b[36m<button\u001b[39m\n                      \u001b[33maria-disabled\u001b[39m=\u001b[32m\"true\"\u001b[39m\n                      \u001b[33mclass\u001b[39m=\u001b[32m\"ms-Button ms-Button--commandBar is-disabled ms-CommandBarItem-link root-127\"\u001b[39m\n                      \u001b[33mdata-is-focusable\u001b[39m=\u001b[32m\"true\"\u001b[39m\n                      \u001b[33mrole\u001b[39m=\u001b[32m\"menuitem\"\u001b[39m\n                      \u001b[33mtabindex\u001b[39m=\u001b[32m\"-1\"\u001b[39m\n                      \u001b[33mtype\u001b[39m=\u001b[32m\"button\"\u001b[39m\n                    \u001b[36m>\u001b[39m\n                      \u001b[36m<span\u001b[39m\n                        \u001b[33mclass\u001b[39m=\u001b[32m\"ms-Button-flexContainer flexContainer-120\"\u001b[39m\n                        \u001b[33mdata-automationid\u001b[39m=\u001b[32m\"splitbuttonprimary\"\u001b[39m\n                      \u001b[36m>\u001b[39m\n                        \u001b[36m<i\u001b[39m\n                          \u001b[33maria-hidden\u001b[39m=\u001b[32m\"true\"\u001b[39m\n                          \u001b[33mclass\u001b[39m=\u001b[32m\"ms-Icon root-105 ms-Button-icon icon-128\"\u001b[39m\n                          \u001b[33mdata-icon-name\u001b[39m=\u001b[32m\"Edit\"\u001b[39m\n                        \u001b[36m/>\u001b[39m\n                        \u001b[36m<span\u001b[39m\n                          \u001b[33mclass\u001b[39m=\u001b[32m\"ms-Button-textContainer textContainer-121\"\u001b[39m\n                        \u001b[36m>\u001b[39m\n                          \u001b[36m<span\u001b[39m\n                            \u001b[33mclass\u001b[39m=\u001b[32m\"ms-Button-label label-123\"\u001b[39m\n                            \u001b[33mid\u001b[39m=\u001b[32m\"id__87\"\u001b[39m\n                          \u001b[36m>\u001b[39m\n                            \u001b[0mEdit\u001b[0m\n                          \u001b[36m</span>\u001b[39m\n                        \u001b[36m</span>\u001b[39m\n                      \u001b[36m</span>\u001b[39m\n                    \u001b[36m</button>\u001b[39m\n                  \u001b[36m</div>\u001b[39m\n                  \u001b[36m<div\u001b[39m\n                    \u001b[33mclass\u001b[39m=\u001b[32m\"ms-OverflowSet-item item-117\"\u001b[39m\n                    \u001b[33mrole\u001b[39m=\u001b[32m\"none\"\u001b[39m\n                  \u001b[36m>\u001b[39m\n                    \u001b[36m<button\u001b[39m\n                      \u001b[33maria-disabled\u001b[39m=\u001b[32m\"true\"\u001b[39m\n                      \u001b[33mclass\u001b[39m=\u001b[32m\"ms-Button ms-Button--commandBar is-disabled ms-CommandBarItem-link root-127\"\u001b[39m\n                      \u001b[33mdata-is-focusable\u001b[39m=\u001b[32m\"true\"\u001b[39m\n                      \u001b[33mrole\u001b[39m=\u001b[32m\"menuitem\"\u001b[39m\n                      \u001b[33mtabindex\u001b[39m=\u001b[32m\"-1\"\u001b[39m\n                      \u001b[33mtype\u001b[39m=\u001b[32m\"button\"\u001b[39m\n                    \u001b[36m>\u001b[39m\n                      \u001b[36m<span\u001b[39m\n                        \u001b[33mclass\u001b[39m=\u001b[32m\"ms-Button-flexContainer flexContainer-120\"\u001b[39m\n                        \u001b[33mdata-automationid\u001b[39m=\u001b[32m\"splitbuttonprimary\"\u001b[39m\n                      \u001b[36m>\u001b[39m\n                        \u001b[36m<i\u001b[39m\n                          \u001b[33maria-hidden\u001b[39m=\u001b[32m\"true\"\u001b[39m\n                          \u001b[33mclass\u001b[39m=\u001b[32m\"ms-Icon root-105 ms-Button-icon icon-128\"\u001b[39m\n                          \u001b[33mdata-icon-name\u001b[39m=\u001b[32m\"Delete\"\u001b[39m\n                        \u001b[36m/>\u001b[39m\n                        \u001b[36m<span\u001b[39m\n                          \u001b[33mclass\u001b[39m=\u001b[32m\"ms-Button-textContainer textContainer-121\"\u001b[39m\n                        \u001b[36m>\u001b[39m\n                          \u001b[36m<span\u001b[39m\n                            \u001b[33mclass\u001b[39m=\u001b[32m\"ms-Button-label label-123\"\u001b[39m\n                            \u001b[33mid\u001b[39m=\u001b[32m\"id__90\"\u001b[39m\n                          \u001b[36m>\u001b[39m\n                            \u001b[0mDelete\u001b[0m\n                          \u001b[36m</span>\u001b[39m\n                        \u001b[36m</span>\u001b[39m\n                      \u001b[36m</span>\u001b[39m\n                    \u001b[36m</button>\u001b[39m\n        ...\n    at Object.getElementError (/Users/vincentfitzgerald/Documents/MedBench/frontend/node_modules/@testing-library/react/node_modules/@testing-library/dom/dist/config.js:37:19)\n    at getElementError (/Users/vincentfitzgerald/Documents/MedBench/frontend/node_modules/@testing-library/react/node_modules/@testing-library/dom/dist/query-helpers.js:20:35)\n    at getMultipleElementsFoundError (/Users/vincentfitzgerald/Documents/MedBench/frontend/node_modules/@testing-library/react/node_modules/@testing-library/dom/dist/query-helpers.js:23:10)\n    at /Users/vincentfitzgerald/Documents/MedBench/frontend/node_modules/@testing-library/react/node_modules/@testing-library/dom/dist/query-helpers.js:55:13\n    at /Users/vincentfitzgerald/Documents/MedBench/frontend/node_modules/@testing-library/react/node_modules/@testing-library/dom/dist/query-helpers.js:95:19\n    at /Users/vincentfitzgerald/Documents/MedBench/frontend/src/components/Admin/__tests__/DataManagement.test.tsx:78:33\n    at file:///Users/vincentfitzgerald/Documents/MedBench/frontend/node_modules/@vitest/runner/dist/index.js:146:14\n    at file:///Users/vincentfitzgerald/Documents/MedBench/frontend/node_modules/@vitest/runner/dist/index.js:533:11\n    at runWithTimeout (file:///Users/vincentfitzgerald/Documents/MedBench/frontend/node_modules/@vitest/runner/dist/index.js:39:7)\n    at runTest (file:///Users/vincentfitzgerald/Documents/MedBench/frontend/node_modules/@vitest/runner/dist/index.js:1056:17)"],"meta":{}},{"ancestorTitles":["DataManagement Component"],"fullName":"DataManagement Component should handle dataset deletion","status":"failed","title":"should handle dataset deletion","duration":142.88113199999862,"failureMessages":["TestingLibraryElementError: Unable to find an element with the text: Yes. This could be because the text is broken up by multiple elements. In this case, you can provide a function for your text matcher to make your matcher more flexible.\n\nIgnored nodes: comments, script, style\n\u001b[36m<body\u001b[39m\n  \u001b[33mclass\u001b[39m=\u001b[32m\"\"\u001b[39m\n\u001b[36m>\u001b[39m\n  \u001b[36m<div\u001b[39m\n    \u001b[33mid\u001b[39m=\u001b[32m\"fluent-default-layer-host\"\u001b[39m\n    \u001b[33mstyle\u001b[39m=\u001b[32m\"position: fixed; z-index: 1000000;\"\u001b[39m\n  \u001b[36m/>\u001b[39m\n  \u001b[36m<div>\u001b[39m\n    \u001b[36m<div\u001b[39m\n      \u001b[33mclass\u001b[39m=\u001b[32m\"ms-Stack css-109\"\u001b[39m\n    \u001b[36m>\u001b[39m\n      \u001b[36m<div\u001b[39m\n        \u001b[33mclass\u001b[39m=\u001b[32m\"ms-Stack css-110\"\u001b[39m\n      \u001b[36m>\u001b[39m\n        \u001b[36m<span\u001b[39m\n          \u001b[33mclass\u001b[39m=\u001b[32m\"css-111\"\u001b[39m\n        \u001b[36m>\u001b[39m\n          \u001b[0mDataSet Management\u001b[0m\n        \u001b[36m</span>\u001b[39m\n      \u001b[36m</div>\u001b[39m\n      \u001b[36m<div\u001b[39m\n        \u001b[33mstyle\u001b[39m=\u001b[32m\"position: relative;\"\u001b[39m\n      \u001b[36m>\u001b[39m\n        \u001b[36m<div>\u001b[39m\n          \u001b[36m<div\u001b[39m\n            \u001b[33mstyle\u001b[39m=\u001b[32m\"position: relative;\"\u001b[39m\n          \u001b[36m>\u001b[39m\n            \u001b[36m<div\u001b[39m\n              \u001b[33mdata-automation-id\u001b[39m=\u001b[32m\"visibleContent\"\u001b[39m\n              \u001b[33mstyle\u001b[39m=\u001b[32m\"\"\u001b[39m\n            \u001b[36m>\u001b[39m\n              \u001b[36m<div\u001b[39m\n                \u001b[33mclass\u001b[39m=\u001b[32m\"ms-FocusZone css-115 ms-CommandBar root-112\"\u001b[39m\n                \u001b[33mdata-focuszone-id\u001b[39m=\u001b[32m\"FocusZone160\"\u001b[39m\n                \u001b[33mdata-tabster\u001b[39m=\u001b[32m\"{\\\"uncontrolled\\\": {}}\"\u001b[39m\n                \u001b[33mrole\u001b[39m=\u001b[32m\"menubar\"\u001b[39m\n              \u001b[36m>\u001b[39m\n                \u001b[36m<div\u001b[39m\n                  \u001b[33mclass\u001b[39m=\u001b[32m\"ms-OverflowSet ms-CommandBar-primaryCommand primarySet-116\"\u001b[39m\n                  \u001b[33mrole\u001b[39m=\u001b[32m\"none\"\u001b[39m\n                \u001b[36m>\u001b[39m\n                  \u001b[36m<div\u001b[39m\n                    \u001b[33mclass\u001b[39m=\u001b[32m\"ms-OverflowSet-item item-117\"\u001b[39m\n                    \u001b[33mrole\u001b[39m=\u001b[32m\"none\"\u001b[39m\n                  \u001b[36m>\u001b[39m\n                    \u001b[36m<button\u001b[39m\n                      \u001b[33mclass\u001b[39m=\u001b[32m\"ms-Button ms-Button--commandBar ms-CommandBarItem-link root-119\"\u001b[39m\n                      \u001b[33mdata-is-focusable\u001b[39m=\u001b[32m\"true\"\u001b[39m\n                      \u001b[33mrole\u001b[39m=\u001b[32m\"menuitem\"\u001b[39m\n                      \u001b[33mtabindex\u001b[39m=\u001b[32m\"0\"\u001b[39m\n                      \u001b[33mtype\u001b[39m=\u001b[32m\"button\"\u001b[39m\n                    \u001b[36m>\u001b[39m\n                      \u001b[36m<span\u001b[39m\n                        \u001b[33mclass\u001b[39m=\u001b[32m\"ms-Button-flexContainer flexContainer-120\"\u001b[39m\n                        \u001b[33mdata-automationid\u001b[39m=\u001b[32m\"splitbuttonprimary\"\u001b[39m\n                      \u001b[36m>\u001b[39m\n                        \u001b[36m<i\u001b[39m\n                          \u001b[33maria-hidden\u001b[39m=\u001b[32m\"true\"\u001b[39m\n                          \u001b[33mclass\u001b[39m=\u001b[32m\"ms-Icon root-105 ms-Button-icon icon-122\"\u001b[39m\n                          \u001b[33mdata-icon-name\u001b[39m=\u001b[32m\"Add\"\u001b[39m\n                        \u001b[36m/>\u001b[39m\n                        \u001b[36m<span\u001b[39m\n                          \u001b[33mclass\u001b[39m=\u001b[32m\"ms-Button-textContainer textContainer-121\"\u001b[39m\n                        \u001b[36m>\u001b[39m\n                          \u001b[36m<span\u001b[39m\n                            \u001b[33mclass\u001b[39m=\u001b[32m\"ms-Button-label label-123\"\u001b[39m\n                            \u001b[33mid\u001b[39m=\u001b[32m\"id__161\"\u001b[39m\n                          \u001b[36m>\u001b[39m\n                            \u001b[0mAdd Dataset\u001b[0m\n                          \u001b[36m</span>\u001b[39m\n                        \u001b[36m</span>\u001b[39m\n                      \u001b[36m</span>\u001b[39m\n                    \u001b[36m</button>\u001b[39m\n                  \u001b[36m</div>\u001b[39m\n                  \u001b[36m<div\u001b[39m\n                    \u001b[33mclass\u001b[39m=\u001b[32m\"ms-OverflowSet-item item-117\"\u001b[39m\n                    \u001b[33mrole\u001b[39m=\u001b[32m\"none\"\u001b[39m\n                  \u001b[36m>\u001b[39m\n                    \u001b[36m<button\u001b[39m\n                      \u001b[33maria-disabled\u001b[39m=\u001b[32m\"true\"\u001b[39m\n                      \u001b[33mclass\u001b[39m=\u001b[32m\"ms-Button ms-Button--commandBar is-disabled ms-CommandBarItem-link root-127\"\u001b[39m\n                      \u001b[33mdata-is-focusable\u001b[39m=\u001b[32m\"true\"\u001b[39m\n                      \u001b[33mrole\u001b[39m=\u001b[32m\"menuitem\"\u001b[39m\n                      \u001b[33mtabindex\u001b[39m=\u001b[32m\"-1\"\u001b[39m\n                      \u001b[33mtype\u001b[39m=\u001b[32m\"button\"\u001b[39m\n                    \u001b[36m>\u001b[39m\n                      \u001b[36m<span\u001b[39m\n                        \u001b[33mclass\u001b[39m=\u001b[32m\"ms-Button-flexContainer flexContainer-120\"\u001b[39m\n                        \u001b[33mdata-automationid\u001b[39m=\u001b[32m\"splitbuttonprimary\"\u001b[39m\n                      \u001b[36m>\u001b[39m\n                        \u001b[36m<i\u001b[39m\n                          \u001b[33maria-hidden\u001b[39m=\u001b[32m\"true\"\u001b[39m\n                          \u001b[33mclass\u001b[39m=\u001b[32m\"ms-Icon root-105 ms-Button-icon icon-128\"\u001b[39m\n                          \u001b[33mdata-icon-name\u001b[39m=\u001b[32m\"Edit\"\u001b[39m\n                        \u001b[36m/>\u001b[39m\n                        \u001b[36m<span\u001b[39m\n                          \u001b[33mclass\u001b[39m=\u001b[32m\"ms-Button-textContainer textContainer-121\"\u001b[39m\n                        \u001b[36m>\u001b[39m\n                          \u001b[36m<span\u001b[39m\n                            \u001b[33mclass\u001b[39m=\u001b[32m\"ms-Button-label label-123\"\u001b[39m\n                            \u001b[33mid\u001b[39m=\u001b[32m\"id__164\"\u001b[39m\n                          \u001b[36m>\u001b[39m\n                            \u001b[0mEdit\u001b[0m\n                          \u001b[36m</span>\u001b[39m\n                        \u001b[36m</span>\u001b[39m\n                      \u001b[36m</span>\u001b[39m\n                    \u001b[36m</button>\u001b[39m\n                  \u001b[36m</div>\u001b[39m\n                  \u001b[36m<div\u001b[39m\n                    \u001b[33mclass\u001b[39m=\u001b[32m\"ms-OverflowSet-item item-117\"\u001b[39m\n                    \u001b[33mrole\u001b[39m=\u001b[32m\"none\"\u001b[39m\n                  \u001b[36m>\u001b[39m\n                    \u001b[36m<button\u001b[39m\n                      \u001b[33maria-disabled\u001b[39m=\u001b[32m\"true\"\u001b[39m\n                      \u001b[33mclass\u001b[39m=\u001b[32m\"ms-Button ms-Button--commandBar is-disabled ms-CommandBarItem-link root-127\"\u001b[39m\n                      \u001b[33mdata-is-focusable\u001b[39m=\u001b[32m\"true\"\u001b[39m\n                      \u001b[33mrole\u001b[39m=\u001b[32m\"menuitem\"\u001b[39m\n                      \u001b[33mtabindex\u001b[39m=\u001b[32m\"-1\"\u001b[39m\n                      \u001b[33mtype\u001b[39m=\u001b[32m\"button\"\u001b[39m\n                    \u001b[36m>\u001b[39m\n                      \u001b[36m<span\u001b[39m\n                        \u001b[33mclass\u001b[39m=\u001b[32m\"ms-Button-flexContainer flexContainer-120\"\u001b[39m\n                        \u001b[33mdata-automationid\u001b[39m=\u001b[32m\"splitbuttonprimary\"\u001b[39m\n                      \u001b[36m>\u001b[39m\n                        \u001b[36m<i\u001b[39m\n                          \u001b[33maria-hidden\u001b[39m=\u001b[32m\"true\"\u001b[39m\n                          \u001b[33mclass\u001b[39m=\u001b[32m\"ms-Icon root-105 ms-Button-icon icon-128\"\u001b[39m\n                          \u001b[33mdata-icon-name\u001b[39m=\u001b[32m\"Delete\"\u001b[39m\n                        \u001b[36m/>\u001b[39m\n                        \u001b[36m<span\u001b[39m\n                          \u001b[33mclass\u001b[39m=\u001b[32m\"ms-Button-textContainer textContainer-121\"\u001b[39m\n                        \u001b[36m>\u001b[39m\n                          \u001b[36m<span\u001b[39m\n                            \u001b[33mclass\u001b[39m=\u001b[32m\"ms-Button-label label-123\"\u001b[39m\n                            \u001b[33mid\u001b[39m=\u001b[32m\"id__167\"\u001b[39m\n                          \u001b[36m>\u001b[39m\n                            \u001b[0mDelete\u001b[0m\n                          \u001b[36m</span>\u001b[39m\n                        \u001b[36m</span>\u001b[39m\n                      \u001b[36m...\n    at Object.getElementError (/Users/vincentfitzgerald/Documents/MedBench/frontend/node_modules/@testing-library/react/node_modules/@testing-library/dom/dist/config.js:37:19)\n    at /Users/vincentfitzgerald/Documents/MedBench/frontend/node_modules/@testing-library/react/node_modules/@testing-library/dom/dist/query-helpers.js:76:38\n    at /Users/vincentfitzgerald/Documents/MedBench/frontend/node_modules/@testing-library/react/node_modules/@testing-library/dom/dist/query-helpers.js:52:17\n    at /Users/vincentfitzgerald/Documents/MedBench/frontend/node_modules/@testing-library/react/node_modules/@testing-library/dom/dist/query-helpers.js:95:19\n    at /Users/vincentfitzgerald/Documents/MedBench/frontend/src/components/Admin/__tests__/DataManagement.test.tsx:112:32\n    at processTicksAndRejections (node:internal/process/task_queues:105:5)\n    at file:///Users/vincentfitzgerald/Documents/MedBench/frontend/node_modules/@vitest/runner/dist/index.js:533:5\n    at runTest (file:///Users/vincentfitzgerald/Documents/MedBench/frontend/node_modules/@vitest/runner/dist/index.js:1056:11)\n    at runSuite (file:///Users/vincentfitzgerald/Documents/MedBench/frontend/node_modules/@vitest/runner/dist/index.js:1205:15)\n    at runSuite (file:///Users/vincentfitzgerald/Documents/MedBench/frontend/node_modules/@vitest/runner/dist/index.js:1205:15)"],"meta":{}},{"ancestorTitles":["DataManagement Component"],"fullName":"DataManagement Component should handle errors gracefully","status":"passed","title":"should handle errors gracefully","duration":137.23449099999925,"failureMessages":[],"meta":{}}],"startTime":1761667321492,"endTime":1761667322514.2344,"status":"failed","message":"","name":"/Users/vincentfitzgerald/Documents/MedBench/frontend/src/components/Admin/__tests__/DataManagement.test.tsx"}]}